[15:28:12] {c:/Projects/RestAPI/incidents-poller/incidents-poller/incidents_poller.py:171} INFO - DLP RestAPI start
[15:28:12] {c:/Projects/RestAPI/incidents-poller/incidents-poller/incidents_poller.py:173} INFO - Read Config file
[15:28:12] {c:/Projects/RestAPI/incidents-poller/incidents-poller/incidents_poller.py:176} INFO - Config file ok
[15:29:53] {c:/Projects/RestAPI/incidents-poller/incidents-poller/incidents_poller.py:171} INFO - DLP RestAPI start
[15:29:53] {c:/Projects/RestAPI/incidents-poller/incidents-poller/incidents_poller.py:173} INFO - Read Config file
[15:29:53] {c:/Projects/RestAPI/incidents-poller/incidents-poller/incidents_poller.py:176} INFO - Config file ok
[15:30:58] {c:\Projects\RestAPI\incidents-poller\incidents-poller\incidents_poller.py:171} INFO - DLP RestAPI start
[15:30:58] {c:\Projects\RestAPI\incidents-poller\incidents-poller\incidents_poller.py:173} INFO - Read Config file
[15:30:58] {c:\Projects\RestAPI\incidents-poller\incidents-poller\incidents_poller.py:176} INFO - Config file ok
[15:42:48] {c:/Projects/RestAPI/incidents-poller/incidents-poller/incidents_poller.py:170} INFO - DLP RestAPI start
[15:42:48] {c:/Projects/RestAPI/incidents-poller/incidents-poller/incidents_poller.py:172} INFO - Read Config file
[15:42:48] {c:/Projects/RestAPI/incidents-poller/incidents-poller/incidents_poller.py:175} INFO - Config file ok
[15:46:49] {c:\Projects\RestAPI\incidents-poller\incidents-poller\incidents_poller.py:176} INFO - DLP RestAPI start
[15:46:49] {c:\Projects\RestAPI\incidents-poller\incidents-poller\incidents_poller.py:178} INFO - Read Config file
[15:46:49] {c:\Projects\RestAPI\incidents-poller\incidents-poller\incidents_poller.py:181} INFO - Config file ok
[15:50:56] {c:\Projects\RestAPI\incidents-poller\incidents-poller\incidents_poller.py:176} INFO - DLP RestAPI start
[15:50:56] {c:\Projects\RestAPI\incidents-poller\incidents-poller\incidents_poller.py:178} INFO - Read Config file
[15:50:56] {c:\Projects\RestAPI\incidents-poller\incidents-poller\incidents_poller.py:181} INFO - Config file ok
[15:58:46] {c:/Projects/RestAPI/incidents-poller/incidents-poller/incidents_poller.py:177} INFO - DLP RestAPI start
[15:58:46] {c:/Projects/RestAPI/incidents-poller/incidents-poller/incidents_poller.py:179} INFO - Read Config file
[16:00:18] {c:\Projects\RestAPI\incidents-poller\incidents-poller\incidents_poller.py:179} INFO - DLP RestAPI start
[16:00:18] {c:\Projects\RestAPI\incidents-poller\incidents-poller\incidents_poller.py:181} INFO - Read Config file
[16:01:41] {c:/Projects/RestAPI/incidents-poller/incidents-poller/incidents_poller.py:179} INFO - DLP RestAPI start
[16:01:41] {c:/Projects/RestAPI/incidents-poller/incidents-poller/incidents_poller.py:181} INFO - Read Config file
[16:06:41] {c:/Projects/RestAPI/incidents-poller/incidents-poller/incidents_poller.py:179} INFO - DLP RestAPI start
[16:06:41] {c:/Projects/RestAPI/incidents-poller/incidents-poller/incidents_poller.py:181} INFO - Read Config file
[16:11:08] {c:\Projects\RestAPI\incidents-poller\incidents-poller\incidents_poller.py:179} INFO - DLP RestAPI start
[16:11:08] {c:\Projects\RestAPI\incidents-poller\incidents-poller\incidents_poller.py:181} INFO - Read Config file
[16:18:43] {c:\Projects\RestAPI\incidents-poller\incidents-poller\incidents_poller.py:179} INFO - DLP RestAPI start
[16:18:43] {c:\Projects\RestAPI\incidents-poller\incidents-poller\incidents_poller.py:181} INFO - Read Config file
[16:21:19] {c:/Projects/RestAPI/incidents-poller/incidents-poller/incidents_poller.py:179} INFO - DLP RestAPI start
[16:21:19] {c:/Projects/RestAPI/incidents-poller/incidents-poller/incidents_poller.py:181} INFO - Read Config file
[16:21:19] {c:/Projects/RestAPI/incidents-poller/incidents-poller/incidents_poller.py:184} INFO - Config file ok
[16:23:33] {c:/Projects/RestAPI/incidents-poller/incidents-poller/incidents_poller.py:180} INFO - DLP RestAPI start
[16:23:33] {c:/Projects/RestAPI/incidents-poller/incidents-poller/incidents_poller.py:182} INFO - Read Config file
[16:23:33] {c:/Projects/RestAPI/incidents-poller/incidents-poller/incidents_poller.py:185} INFO - Config file ok
[16:30:07] {c:/Projects/RestAPI/incidents-poller/incidents-poller/incidents_poller.py:181} INFO - DLP RestAPI start
[16:30:07] {c:/Projects/RestAPI/incidents-poller/incidents-poller/incidents_poller.py:183} INFO - Read Config file
[16:30:07] {c:/Projects/RestAPI/incidents-poller/incidents-poller/incidents_poller.py:186} INFO - Config file ok
[16:49:43] {c:/Projects/RestAPI/incidents-poller/incidents-poller/incidents_poller.py:179} INFO - DLP RestAPI start
[16:49:43] {c:/Projects/RestAPI/incidents-poller/incidents-poller/incidents_poller.py:181} INFO - Read Config file
[16:49:43] {c:/Projects/RestAPI/incidents-poller/incidents-poller/incidents_poller.py:184} INFO - Config file ok
[16:52:15] {c:\Projects\RestAPI\incidents-poller\incidents-poller\incidents_poller.py:179} INFO - DLP RestAPI start
[16:52:15] {c:\Projects\RestAPI\incidents-poller\incidents-poller\incidents_poller.py:181} INFO - Read Config file
[16:52:21] {c:\Projects\RestAPI\incidents-poller\incidents-poller\incidents_poller.py:184} INFO - Config file ok
[16:56:19] {c:\Projects\RestAPI\incidents-poller\incidents-poller\incidents_poller.py:180} INFO - DLP RestAPI start
[16:56:19] {c:\Projects\RestAPI\incidents-poller\incidents-poller\incidents_poller.py:182} INFO - Read Config file
[16:56:19] {c:\Projects\RestAPI\incidents-poller\incidents-poller\incidents_poller.py:185} INFO - Config file ok
[23:02:16] {c:\Projects\RestAPI\incidents-poller\incidents-poller\incidents_poller.py:229} INFO - DLP RestAPI start
[23:02:16] {c:\Projects\RestAPI\incidents-poller\incidents-poller\incidents_poller.py:231} INFO - Read Config file
[23:02:16] {c:\Projects\RestAPI\incidents-poller\incidents-poller\incidents_poller.py:234} INFO - Config file ok
[23:39:03] {c:\Projects\RestAPI\incidents-poller\incidents-poller\incidents_poller.py:229} INFO - DLP RestAPI start
[23:39:03] {c:\Projects\RestAPI\incidents-poller\incidents-poller\incidents_poller.py:231} INFO - Read Config file
[23:39:03] {c:\Projects\RestAPI\incidents-poller\incidents-poller\incidents_poller.py:234} INFO - Config file ok
[23:48:17] {c:\Projects\RestAPI\incidents-poller\incidents-poller\incidents_poller.py:230} INFO - DLP RestAPI start
[23:48:17] {c:\Projects\RestAPI\incidents-poller\incidents-poller\incidents_poller.py:232} INFO - Read Config file
[23:48:17] {c:\Projects\RestAPI\incidents-poller\incidents-poller\incidents_poller.py:235} INFO - Config file ok
[23:57:57] {c:\Projects\RestAPI\incidents-poller\incidents-poller\incidents_poller.py:231} INFO - DLP RestAPI start
[23:57:57] {c:\Projects\RestAPI\incidents-poller\incidents-poller\incidents_poller.py:233} INFO - Read Config file
[23:57:57] {c:\Projects\RestAPI\incidents-poller\incidents-poller\incidents_poller.py:236} INFO - Config file ok
[08:02:36] {c:\Projects\RestAPI\incidents-poller\incidents-poller\incidents_poller.py:231} INFO - DLP RestAPI start
[08:02:36] {c:\Projects\RestAPI\incidents-poller\incidents-poller\incidents_poller.py:233} INFO - Read Config file
[08:02:36] {c:\Projects\RestAPI\incidents-poller\incidents-poller\incidents_poller.py:236} INFO - Config file ok
[09:08:57] {c:\Projects\RestAPI\incidents-poller\incidents-poller\incidents_poller.py:231} INFO - DLP RestAPI start
[09:08:57] {c:\Projects\RestAPI\incidents-poller\incidents-poller\incidents_poller.py:233} INFO - Read Config file
[09:08:57] {c:\Projects\RestAPI\incidents-poller\incidents-poller\incidents_poller.py:236} INFO - Config file ok
[09:19:35] {c:\Projects\RestAPI\incidents-poller\incidents-poller\incidents_poller.py:232} INFO - DLP RestAPI start
[09:19:35] {c:\Projects\RestAPI\incidents-poller\incidents-poller\incidents_poller.py:234} INFO - Read Config file
[09:19:35] {c:\Projects\RestAPI\incidents-poller\incidents-poller\incidents_poller.py:237} INFO - Config file ok
[09:25:47] {c:\Projects\RestAPI\incidents-poller\incidents-poller\incidents_poller.py:232} INFO - DLP RestAPI start
[09:25:47] {c:\Projects\RestAPI\incidents-poller\incidents-poller\incidents_poller.py:234} INFO - Read Config file
[09:25:47] {c:\Projects\RestAPI\incidents-poller\incidents-poller\incidents_poller.py:237} INFO - Config file ok
[10:13:47] {c:\Projects\RestAPI\incidents-poller\incidents-poller\incidents_poller.py:232} INFO - DLP RestAPI start
[10:13:47] {c:\Projects\RestAPI\incidents-poller\incidents-poller\incidents_poller.py:234} INFO - Read Config file
[10:13:47] {c:\Projects\RestAPI\incidents-poller\incidents-poller\incidents_poller.py:237} INFO - Config file ok
[10:29:18] {c:/Projects/RestAPI/incidents-poller/incidents-poller/incidents_poller.py:212} INFO - DLP RestAPI started
[10:29:18] {c:/Projects/RestAPI/incidents-poller/incidents-poller/incidents_poller.py:214} INFO - Read Config file
[10:29:18] {c:/Projects/RestAPI/incidents-poller/incidents-poller/incidents_poller.py:217} INFO - Config file ok
[10:29:19] {c:/Projects/RestAPI/incidents-poller/incidents-poller/incidents_poller.py:249} INFO - sleep time: _01-06-2022-10-29-19
[10:34:19] {c:/Projects/RestAPI/incidents-poller/incidents-poller/incidents_poller.py:242} INFO - completed writing 1 incidents to C:\Projects\RestAPI\incidents-poller\results/DLP_incidnets_01-06-2022-10-34-19.log
[10:34:19] {c:/Projects/RestAPI/incidents-poller/incidents-poller/incidents_poller.py:249} INFO - sleep time: _01-06-2022-10-34-19
[10:39:19] {c:/Projects/RestAPI/incidents-poller/incidents-poller/incidents_poller.py:249} INFO - sleep time: _01-06-2022-10-39-19
[10:44:19] {c:/Projects/RestAPI/incidents-poller/incidents-poller/incidents_poller.py:249} INFO - sleep time: _01-06-2022-10-44-19
[10:49:20] {c:/Projects/RestAPI/incidents-poller/incidents-poller/incidents_poller.py:249} INFO - sleep time: _01-06-2022-10-49-20
[10:54:20] {c:/Projects/RestAPI/incidents-poller/incidents-poller/incidents_poller.py:249} INFO - sleep time: _01-06-2022-10-54-20
[10:59:20] {c:/Projects/RestAPI/incidents-poller/incidents-poller/incidents_poller.py:249} INFO - sleep time: _01-06-2022-10-59-20
[11:04:20] {c:/Projects/RestAPI/incidents-poller/incidents-poller/incidents_poller.py:249} INFO - sleep time: _01-06-2022-11-04-20
[11:09:20] {c:/Projects/RestAPI/incidents-poller/incidents-poller/incidents_poller.py:249} INFO - sleep time: _01-06-2022-11-09-20
[11:14:22] {c:/Projects/RestAPI/incidents-poller/incidents-poller/incidents_poller.py:249} INFO - sleep time: _01-06-2022-11-14-22
[11:19:23] {c:/Projects/RestAPI/incidents-poller/incidents-poller/incidents_poller.py:249} INFO - sleep time: _01-06-2022-11-19-23
[11:24:23] {c:/Projects/RestAPI/incidents-poller/incidents-poller/incidents_poller.py:249} INFO - sleep time: _01-06-2022-11-24-23
[11:29:25] {c:/Projects/RestAPI/incidents-poller/incidents-poller/incidents_poller.py:249} INFO - sleep time: _01-06-2022-11-29-25
[11:34:25] {c:/Projects/RestAPI/incidents-poller/incidents-poller/incidents_poller.py:249} INFO - sleep time: _01-06-2022-11-34-25
[11:39:25] {c:/Projects/RestAPI/incidents-poller/incidents-poller/incidents_poller.py:249} INFO - sleep time: _01-06-2022-11-39-25
[11:44:25] {c:/Projects/RestAPI/incidents-poller/incidents-poller/incidents_poller.py:249} INFO - sleep time: _01-06-2022-11-44-25
[11:49:26] {c:/Projects/RestAPI/incidents-poller/incidents-poller/incidents_poller.py:249} INFO - sleep time: _01-06-2022-11-49-26
[11:54:26] {c:/Projects/RestAPI/incidents-poller/incidents-poller/incidents_poller.py:242} INFO - completed writing 4 incidents to C:\Projects\RestAPI\incidents-poller\results/DLP_incidnets_01-06-2022-11-54-26.log
[11:54:26] {c:/Projects/RestAPI/incidents-poller/incidents-poller/incidents_poller.py:249} INFO - sleep time: _01-06-2022-11-54-26
